#
# There is insufficient memory for the Java Runtime Environment to continue.
# Native memory allocation (mmap) failed to map 100663296 bytes for G1 virtual space
# Possible reasons:
#   The system is out of physical RAM or swap space
#   The process is running with CompressedOops enabled, and the Java Heap may be blocking the growth of the native heap
# Possible solutions:
#   Reduce memory load on the system
#   Increase physical memory or swap space
#   Check if swap backing store is full
#   Decrease Java heap size (-Xmx/-Xms)
#   Decrease number of Java threads
#   Decrease Java thread stack sizes (-Xss)
#   Set larger code cache with -XX:ReservedCodeCacheSize=
#   JVM is running with Unscaled Compressed Oops mode in which the Java heap is
#     placed in the first 4GB address space. The Java Heap base address is the
#     maximum limit for the native heap growth. Please use -XX:HeapBaseMinAddress
#     to set the Java Heap base and to place the Java Heap above 4GB virtual address.
# This output file may be truncated or incomplete.
#
#  Out of Memory Error (os_windows.cpp:3469), pid=1392, tid=33740
#
# JRE version:  (17.0.1+12) (build )
# Java VM: OpenJDK 64-Bit Server VM (17.0.1+12, mixed mode, emulated-client, sharing, tiered, compressed oops, compressed class ptrs, g1 gc, windows-amd64)
# No core dump will be written. Minidumps are not enabled by default on client versions of Windows
#

---------------  S U M M A R Y ------------

Command Line: -Dcom.sun.management.jmxremote -Dcom.sun.management.jmxremote.port=55837 -Dcom.sun.management.jmxremote.authenticate=false -Dcom.sun.management.jmxremote.ssl=false -Djava.rmi.server.hostname=localhost -Dspring.jmx.enabled=true -Dspring.application.admin.enabled=true -XX:TieredStopAtLevel=1 -Dspring.boot.project.name=NikeShoping -Dfile.encoding=UTF-8 -XX:+ShowCodeDetailsInExceptionMessages com.example.demo.NikeShopingApplication --spring.output.ansi.enabled=always

Host: AMD Ryzen 5 3500U with Radeon Vega Mobile Gfx  , 8 cores, 5G,  Windows 10 , 64 bit Build 22000 (10.0.22000.708)
Time: Thu Jul 21 17:58:21 2022 India Standard Time elapsed time: 0.022302 seconds (0d 0h 0m 0s)

---------------  T H R E A D  ---------------

Current thread (0x00000202bb1b7880):  JavaThread "Unknown thread" [_thread_in_vm, id=33740, stack(0x0000003ed3d00000,0x0000003ed3e00000)]

Stack: [0x0000003ed3d00000,0x0000003ed3e00000]
Native frames: (J=compiled Java code, j=interpreted, Vv=VM code, C=native code)
V  [jvm.dll+0x6744da]
V  [jvm.dll+0x82e144]
V  [jvm.dll+0x82f8ee]
V  [jvm.dll+0x82ff53]
V  [jvm.dll+0x245175]
V  [jvm.dll+0x6714c9]
V  [jvm.dll+0x665f92]
V  [jvm.dll+0x303c3b]
V  [jvm.dll+0x30b176]
V  [jvm.dll+0x35af1e]
V  [jvm.dll+0x35b14f]
V  [jvm.dll+0x2dab78]
V  [jvm.dll+0x2dbae4]
V  [jvm.dll+0x7ffdf1]
V  [jvm.dll+0x368c91]
V  [jvm.dll+0x7df2cc]
V  [jvm.dll+0x3eb59f]
V  [jvm.dll+0x3ed121]
C  [jli.dll+0x5277]
C  [ucrtbase.dll+0x26c0c]
C  [KERNEL32.DLL+0x154e0]
C  [ntdll.dll+0x485b]


---------------  P R O C E S S  ---------------

Threads class SMR info:
_java_thread_list=0x00007ffa6cd74e58, length=0, elements={
}

Java Threads: ( => current thread )

Other Threads:
  0x00000202bb1ed070 GCTaskThread "GC Thread#0" [stack: 0x0000003ed3e00000,0x0000003ed3f00000] [id=35396]
  0x00000202bb1fad40 ConcurrentGCThread "G1 Main Marker" [stack: 0x0000003ed3f00000,0x0000003ed4000000] [id=36728]
  0x00000202bb1fbdf0 ConcurrentGCThread "G1 Conc#0" [stack: 0x0000003ed4000000,0x0000003ed4100000] [id=20056]

[error occurred during error reporting (printing all threads), id 0xc0000005, EXCEPTION_ACCESS_VIOLATION (0xc0000005) at pc=0x00007ffa6c54b5f7]

VM state: not at safepoint (not fully initialized)

VM Mutex/Monitor currently owned by a thread:  ([mutex/lock_event])
[0x00000202bb1b2be0] Heap_lock - owner thread: 0x00000202bb1b7880

Heap address: 0x00000000a0c00000, size: 1524 MB, Compressed Oops mode: 32-bit

CDS archive(s) mapped at: [0x0000000000000000-0x0000000000000000-0x0000000000000000), size 0, SharedBaseAddress: 0x0000000800000000, ArchiveRelocationMode: 0.
Narrow klass base: 0x0000000000000000, Narrow klass shift: 0, Narrow klass range: 0x0

GC Precious Log:
<Empty>

Heap:
 garbage-first heap   total 0K, used 0K [0x00000000a0c00000, 0x0000000100000000)
  region size 1024K, 0 young (0K), 0 survivors (0K)

[error occurred during error reporting (printing heap information), id 0xc0000005, EXCEPTION_ACCESS_VIOLATION (0xc0000005) at pc=0x00007ffa6c92d729]

GC Heap History (0 events):
No events

Deoptimization events (0 events):
No events

Classes unloaded (0 events):
No events

Classes redefined (0 events):
No events

Internal exceptions (0 events):
No events

VM Operations (0 events):
No events

Events (1 events):
Event: 0.012 Loaded shared library C:\Users\Vasanth\Downloads\sts-4.13.1.RELEASE\plugins\org.eclipse.justj.openjdk.hotspot.jre.full.win32.x86_64_17.0.1.v20211116-1657\jre\bin\java.dll


Dynamic libraries:
0x00007ff65a380000 - 0x00007ff65a38e000 	C:\Users\Vasanth\Downloads\sts-4.13.1.RELEASE\plugins\org.eclipse.justj.openjdk.hotspot.jre.full.win32.x86_64_17.0.1.v20211116-1657\jre\bin\javaw.exe
0x00007ffadfc40000 - 0x00007ffadfe49000 	C:\WINDOWS\SYSTEM32\ntdll.dll
0x00007ffadebf0000 - 0x00007ffadecad000 	C:\WINDOWS\System32\KERNEL32.DLL
0x00007ffadd3b0000 - 0x00007ffadd729000 	C:\WINDOWS\System32\KERNELBASE.dll
0x00007ffada180000 - 0x00007ffada211000 	C:\WINDOWS\SYSTEM32\apphelp.dll
0x00007ffadd730000 - 0x00007ffadd841000 	C:\WINDOWS\System32\ucrtbase.dll
0x00007ffada0c0000 - 0x00007ffada0d9000 	C:\Users\Vasanth\Downloads\sts-4.13.1.RELEASE\plugins\org.eclipse.justj.openjdk.hotspot.jre.full.win32.x86_64_17.0.1.v20211116-1657\jre\bin\VCRUNTIME140.dll
0x00007ffada0a0000 - 0x00007ffada0b8000 	C:\Users\Vasanth\Downloads\sts-4.13.1.RELEASE\plugins\org.eclipse.justj.openjdk.hotspot.jre.full.win32.x86_64_17.0.1.v20211116-1657\jre\bin\jli.dll
0x00007ffade890000 - 0x00007ffadea3c000 	C:\WINDOWS\System32\USER32.dll
0x00007ffadd120000 - 0x00007ffadd146000 	C:\WINDOWS\System32\win32u.dll
0x00007ffad23e0000 - 0x00007ffad2685000 	C:\WINDOWS\WinSxS\amd64_microsoft.windows.common-controls_6595b64144ccf1df_6.0.22000.120_none_9d947278b86cc467\COMCTL32.dll
0x00007ffade580000 - 0x00007ffade5a9000 	C:\WINDOWS\System32\GDI32.dll
0x00007ffade3e0000 - 0x00007ffade483000 	C:\WINDOWS\System32\msvcrt.dll
0x00007ffadd850000 - 0x00007ffadd962000 	C:\WINDOWS\System32\gdi32full.dll
0x00007ffadd970000 - 0x00007ffadda0d000 	C:\WINDOWS\System32\msvcp_win.dll
0x00007ffaddb80000 - 0x00007ffaddbb1000 	C:\WINDOWS\System32\IMM32.DLL
0x00007ffada090000 - 0x00007ffada09c000 	C:\Users\Vasanth\Downloads\sts-4.13.1.RELEASE\plugins\org.eclipse.justj.openjdk.hotspot.jre.full.win32.x86_64_17.0.1.v20211116-1657\jre\bin\vcruntime140_1.dll
0x00007ffad9ff0000 - 0x00007ffada081000 	C:\Users\Vasanth\Downloads\sts-4.13.1.RELEASE\plugins\org.eclipse.justj.openjdk.hotspot.jre.full.win32.x86_64_17.0.1.v20211116-1657\jre\bin\msvcp140.dll
0x00007ffa6c260000 - 0x00007ffa6cea6000 	C:\Users\Vasanth\Downloads\sts-4.13.1.RELEASE\plugins\org.eclipse.justj.openjdk.hotspot.jre.full.win32.x86_64_17.0.1.v20211116-1657\jre\bin\server\jvm.dll
0x00007ffaddad0000 - 0x00007ffaddb7e000 	C:\WINDOWS\System32\ADVAPI32.dll
0x00007ffadf990000 - 0x00007ffadfa2e000 	C:\WINDOWS\System32\sechost.dll
0x00007ffadf780000 - 0x00007ffadf8a0000 	C:\WINDOWS\System32\RPCRT4.dll
0x00007ffade5b0000 - 0x00007ffade5b8000 	C:\WINDOWS\System32\PSAPI.DLL
0x00007ffad7b80000 - 0x00007ffad7bb3000 	C:\WINDOWS\SYSTEM32\WINMM.dll
0x00007ffad2c50000 - 0x00007ffad2c5a000 	C:\WINDOWS\SYSTEM32\VERSION.dll
0x00007ffac7a80000 - 0x00007ffac7a89000 	C:\WINDOWS\SYSTEM32\WSOCK32.dll
0x00007ffadf920000 - 0x00007ffadf98f000 	C:\WINDOWS\System32\WS2_32.dll
0x00007ffadc1f0000 - 0x00007ffadc208000 	C:\WINDOWS\SYSTEM32\kernel.appcore.dll
0x00007ffad9220000 - 0x00007ffad922a000 	C:\Users\Vasanth\Downloads\sts-4.13.1.RELEASE\plugins\org.eclipse.justj.openjdk.hotspot.jre.full.win32.x86_64_17.0.1.v20211116-1657\jre\bin\jimage.dll
0x00007ffada320000 - 0x00007ffada541000 	C:\WINDOWS\SYSTEM32\DBGHELP.DLL
0x00007ffad2350000 - 0x00007ffad2381000 	C:\WINDOWS\SYSTEM32\dbgcore.DLL
0x00007ffadd2c0000 - 0x00007ffadd33f000 	C:\WINDOWS\System32\bcryptPrimitives.dll
0x00007ffa8faa0000 - 0x00007ffa8fac5000 	C:\Users\Vasanth\Downloads\sts-4.13.1.RELEASE\plugins\org.eclipse.justj.openjdk.hotspot.jre.full.win32.x86_64_17.0.1.v20211116-1657\jre\bin\java.dll

dbghelp: loaded successfully - version: 4.0.5 - missing functions: none
symbol engine: initialized successfully - sym options: 0x614 - pdb path: .;C:\Users\Vasanth\Downloads\sts-4.13.1.RELEASE\plugins\org.eclipse.justj.openjdk.hotspot.jre.full.win32.x86_64_17.0.1.v20211116-1657\jre\bin;C:\WINDOWS\SYSTEM32;C:\WINDOWS\WinSxS\amd64_microsoft.windows.common-controls_6595b64144ccf1df_6.0.22000.120_none_9d947278b86cc467;C:\Users\Vasanth\Downloads\sts-4.13.1.RELEASE\plugins\org.eclipse.justj.openjdk.hotspot.jre.full.win32.x86_64_17.0.1.v20211116-1657\jre\bin\server

VM Arguments:
jvm_args: -Dcom.sun.management.jmxremote -Dcom.sun.management.jmxremote.port=55837 -Dcom.sun.management.jmxremote.authenticate=false -Dcom.sun.management.jmxremote.ssl=false -Djava.rmi.server.hostname=localhost -Dspring.jmx.enabled=true -Dspring.application.admin.enabled=true -XX:TieredStopAtLevel=1 -Dspring.boot.project.name=NikeShoping -Dfile.encoding=UTF-8 -XX:+ShowCodeDetailsInExceptionMessages 
java_command: com.example.demo.NikeShopingApplication --spring.output.ansi.enabled=always
java_class_path (initial): C:\Users\Vasanth\Documents\workspace-spring-tool-suite-4-4.13.1.RELEASE\NikeShoping\target\classes;C:\Users\Vasanth\Downloads\sts-4.13.1.RELEASE\plugins\org.junit_4.13.2.v20211018-1956.jar;C:\Users\Vasanth\Downloads\sts-4.13.1.RELEASE\plugins\org.hamcrest.core_1.3.0.v20180420-1519.jar;C:\Users\vasan\.m2\repository\org\springframework\boot\spring-boot-starter-data-jdbc\2.7.0\spring-boot-starter-data-jdbc-2.7.0.jar;C:\Users\vasan\.m2\repository\org\springframework\boot\spring-boot-starter-jdbc\2.7.0\spring-boot-starter-jdbc-2.7.0.jar;C:\Users\vasan\.m2\repository\com\zaxxer\HikariCP\4.0.3\HikariCP-4.0.3.jar;C:\Users\vasan\.m2\repository\org\springframework\spring-jdbc\5.3.20\spring-jdbc-5.3.20.jar;C:\Users\vasan\.m2\repository\org\springframework\data\spring-data-jdbc\2.4.0\spring-data-jdbc-2.4.0.jar;C:\Users\vasan\.m2\repository\org\springframework\data\spring-data-relational\2.4.0\spring-data-relational-2.4.0.jar;C:\Users\vasan\.m2\repository\org\springframework\data\spring-data-commons\2.7.0\spring-data-commons-2.7.0.jar;C:\Users\vasan\.m2\repository\org\springframework\spring-tx\5.3.20\spring-tx-5.3.20.jar;C:\Users\vasan\.m2\repository\org\springframework\spring-context\5.3.20\spring-context-5.3.20.jar;C:\Users\vasan\.m2\repository\org\springframework\spring-beans\5.3.20\spring-beans-5.3.20.jar;C:\Users\vasan\.m2\repository\com\google\code\gson\gson\2.8.2\gson-2.8.2.jar;C:\Users\vasan\.m2\repository\org\springframework\boot\spring-boot-starter-security\2.7.0\spring-boot-starter-security-2.7.0.jar;C:\Users\vasan\.m2\repository\org\springframework\boot\spring-boot-starter\2.7.0\spring-boot-starter-2.7.0.jar;C:\Users\vasan\.m2\repository\org\springframework\boot\spring-boot\2.7.0\spring-boot-2.7.0.jar;C:\Users\vasan\.m2\repository\org\springframework\boot\spring-boot-autoconfigure\2.7.0\spring-boot-autoconfigure-2.7.0.jar;C:\Users\vasan\.m2\repository\org\springframework\boot\spring-boot-starter-logging\2.7.0\spring-boot-starter-logging-2
Launcher Type: SUN_STANDARD

[Global flags]
     intx CICompilerCount                          = 4                                         {product} {ergonomic}
     uint ConcGCThreads                            = 2                                         {product} {ergonomic}
     uint G1ConcRefinementThreads                  = 8                                         {product} {ergonomic}
   size_t G1HeapRegionSize                         = 1048576                                   {product} {ergonomic}
    uintx GCDrainStackTargetSize                   = 64                                        {product} {ergonomic}
   size_t InitialHeapSize                          = 100663296                                 {product} {ergonomic}
     bool ManagementServer                         = true                                      {product} {command line}
   size_t MarkStackSize                            = 4194304                                   {product} {ergonomic}
   size_t MaxHeapSize                              = 1598029824                                {product} {ergonomic}
   size_t MinHeapDeltaBytes                        = 1048576                                   {product} {ergonomic}
   size_t MinHeapSize                              = 8388608                                   {product} {ergonomic}
    uintx NonProfiledCodeHeapSize                  = 0                                      {pd product} {ergonomic}
     bool ProfileInterpreter                       = false                                  {pd product} {command line}
    uintx ProfiledCodeHeapSize                     = 0                                      {pd product} {ergonomic}
     bool ShowCodeDetailsInExceptionMessages       = true                                   {manageable} {command line}
   size_t SoftMaxHeapSize                          = 1598029824                             {manageable} {ergonomic}
     intx TieredStopAtLevel                        = 1                                         {product} {command line}
     bool UseCompressedClassPointers               = true                           {product lp64_product} {ergonomic}
     bool UseCompressedOops                        = true                           {product lp64_product} {ergonomic}
     bool UseG1GC                                  = true                                      {product} {ergonomic}
     bool UseLargePagesIndividualAllocation        = false                                  {pd product} {ergonomic}

Logging:
Log output configuration:
 #0: stdout all=warning uptime,level,tags
 #1: stderr all=off uptime,level,tags

Environment Variables:
PATH=C:/Users/Vasanth/Downloads/sts-4.13.1.RELEASE//plugins/org.eclipse.justj.openjdk.hotspot.jre.full.win32.x86_64_17.0.1.v20211116-1657/jre/bin/server;C:/Users/Vasanth/Downloads/sts-4.13.1.RELEASE//plugins/org.eclipse.justj.openjdk.hotspot.jre.full.win32.x86_64_17.0.1.v20211116-1657/jre/bin;C:\Program Files\Common Files\Oracle\Java\javapath;C:\Program Files (x86)\Common Files\Intel\Shared Libraries\redist\intel64\compiler;C:\WINDOWS\system32;C:\WINDOWS;C:\WINDOWS\System32\Wbem;C:\WINDOWS\System32\WindowsPowerShell\v1.0\;C:\WINDOWS\System32\OpenSSH\;C:\Program Files (x86)\Windows Live\Shared;%JAVA_HOME%\bin;C:\Program Files\mingw-w64\x86_64-8.1.0-posix-seh-rt_v6-rev0\mingw64\bin;C:\Users\Vasanth\React\;C:\Program Files\Git\cmd;C:\Program Files\dotnet\;C:\Program Files\PowerShell\7-preview\preview;D:\MATLAB\R2018a\runtime\win64;D:\MATLAB\R2018a\bin;C:\Program Files\Microsoft SQL Server\Client SDK\ODBC\170\Tools\Binn\;C:\Program Files (x86)\Microsoft SQL Server\150\Tools\Binn\;C:\Program Files\Microsoft SQL Server\150\Tools\Binn\;C:\Program Files\Microsoft SQL Server\150\DTS\Binn\;C:\Program Files\PowerShell\7\;C:\Users\vasan\AppData\Local\Microsoft\WindowsApps;;C:\Users\Vasanth\Downloads\sts-4.13.1.RELEASE;
USERNAME=vasan
OS=Windows_NT
PROCESSOR_IDENTIFIER=AMD64 Family 23 Model 24 Stepping 1, AuthenticAMD



---------------  S Y S T E M  ---------------

OS:
 Windows 10 , 64 bit Build 22000 (10.0.22000.708)
OS uptime: 7 days 2:08 hours
Hyper-V role detected

CPU: total 8 (initial active 8) (8 cores per cpu, 2 threads per core) family 23 model 24 stepping 1 microcode 0x0, cx8, cmov, fxsr, ht, mmx, 3dnowpref, sse, sse2, sse3, ssse3, sse4a, sse4.1, sse4.2, popcnt, lzcnt, tsc, tscinvbit, avx, avx2, aes, clmul, bmi1, bmi2, adx, sha, fma, vzeroupper, clflush, clflushopt, hv

Memory: 4k page, system-wide physical 6091M (263M free)
TotalPageFile size 18379M (AvailPageFile size 30M)
current process WorkingSet (physical memory assigned to process): 10M, peak: 10M
current process commit charge ("private bytes"): 55M, peak: 151M

vm_info: OpenJDK 64-Bit Server VM (17.0.1+12) for windows-amd64 JRE (17.0.1+12), built on Oct 20 2021 07:42:55 by "" with MS VC++ 16.7 (VS2019)

END.
